<?xml version="1.0" encoding="UTF-8"?>
<!-- Generated by org.testng.reporters.JUnitXMLReporter -->
<testsuite ignored="0" hostname="DESKTOP-2MMPESH" failures="0" tests="6" name="Default test" time="11.046" errors="0" timestamp="2024-03-05T21:16:29 HKT">
  <testcase classname="org.tet.A" name="tc11" time="4.117"/>
  <testcase classname="org.tet.A" name="tc12" time="1.001"/>
  <testcase classname="org.tet.A" name="tc12" time="0.632"/>
  <testcase classname="org.tet.A" name="tc12" time="0.639"/>
  <testcase classname="org.tet.A" name="tc12" time="0.612"/>
  <testcase classname="org.tet.A" name="tc13" time="1.282"/>
</testsuite> <!-- Default test -->
