<?xml version="1.0" encoding="UTF-8"?>
<!-- Generated by org.testng.reporters.JUnitXMLReporter -->
<testsuite ignored="0" hostname="DESKTOP-2MMPESH" failures="0" tests="8" name="Test" time="31.293" errors="0" timestamp="2024-03-13T18:21:28 HKT">
  <testcase classname="org.tet.SampleTestng" name="tc11" time="12.549"/>
  <testcase classname="org.tet.A" name="tc1" time="14.897"/>
  <testcase classname="org.tet.B" name="tc21" time="15.583"/>
  <testcase classname="org.tet.A" name="tc2" time="4.618"/>
  <testcase classname="org.tet.SampleTestng" name="tc12" time="9.92"/>
  <testcase classname="org.tet.B" name="tc22" time="7.011"/>
  <testcase classname="org.tet.A" name="tc3" time="5.612"/>
  <testcase classname="org.tet.B" name="tc23" time="8.659"/>
</testsuite> <!-- Test -->
